[1.235s] Invoking command in '/home/wie/Project/Robotics/dumb30-robot/build/robot_core': DEBUGINFOD_URLS=https://debuginfod.ubuntu.com PYTHONPATH=/home/wie/Project/Robotics/dumb30-robot/build/robot_core/prefix_override:/usr/lib/python3/dist-packages/colcon_core/task/python/colcon_distutils_commands:/home/wie/Project/Robotics/dumb30-robot/install/robot_core/lib/python3.12/site-packages:${PYTHONPATH} /usr/bin/python3 -W ignore:setup.py install is deprecated -W ignore:easy_install command is deprecated setup.py develop --editable --build-directory /home/wie/Project/Robotics/dumb30-robot/build/robot_core/build --no-deps symlink_data --force
[1.684s] running develop
[1.954s] running egg_info
[1.980s] writing robot_core.egg-info/PKG-INFO
[1.980s] writing dependency_links to robot_core.egg-info/dependency_links.txt
[1.981s] writing requirements to robot_core.egg-info/requires.txt
[1.981s] writing top-level names to robot_core.egg-info/top_level.txt
[2.035s] reading manifest file 'robot_core.egg-info/SOURCES.txt'
[2.036s] writing manifest file 'robot_core.egg-info/SOURCES.txt'
[2.064s] running build_ext
[2.064s] Creating /home/wie/Project/Robotics/dumb30-robot/install/robot_core/lib/python3.12/site-packages/robot-core.egg-link (link to .)
[2.064s] 
[2.065s] Installed /home/wie/Project/Robotics/dumb30-robot/build/robot_core
[2.065s] running symlink_data
[2.065s] symbolically linking /home/wie/Project/Robotics/dumb30-robot/build/robot_core/resource/robot_core -> /home/wie/Project/Robotics/dumb30-robot/install/robot_core/share/ament_index/resource_index/packages
[2.065s] symbolically linking /home/wie/Project/Robotics/dumb30-robot/build/robot_core/package.xml -> /home/wie/Project/Robotics/dumb30-robot/install/robot_core/share/robot_core
[2.065s] symbolically linking /home/wie/Project/Robotics/dumb30-robot/build/robot_core/launch/rsp.launch.py -> /home/wie/Project/Robotics/dumb30-robot/install/robot_core/share/robot_core/launch
[2.065s] symbolically linking /home/wie/Project/Robotics/dumb30-robot/build/robot_core/urdf/robot_core.xacro -> /home/wie/Project/Robotics/dumb30-robot/install/robot_core/share/robot_core/urdf
[2.066s] symbolically linking /home/wie/Project/Robotics/dumb30-robot/build/robot_core/urdf/robot.urdf.xacro -> /home/wie/Project/Robotics/dumb30-robot/install/robot_core/share/robot_core/urdf
[2.168s] Invoked command in '/home/wie/Project/Robotics/dumb30-robot/build/robot_core' returned '0': DEBUGINFOD_URLS=https://debuginfod.ubuntu.com PYTHONPATH=/home/wie/Project/Robotics/dumb30-robot/build/robot_core/prefix_override:/usr/lib/python3/dist-packages/colcon_core/task/python/colcon_distutils_commands:/home/wie/Project/Robotics/dumb30-robot/install/robot_core/lib/python3.12/site-packages:${PYTHONPATH} /usr/bin/python3 -W ignore:setup.py install is deprecated -W ignore:easy_install command is deprecated setup.py develop --editable --build-directory /home/wie/Project/Robotics/dumb30-robot/build/robot_core/build --no-deps symlink_data --force
