[1.326s] Invoking command in '/home/wie/Project/Robotics/dumb30-robot/src/robot_core': DEBUGINFOD_URLS=https://debuginfod.ubuntu.com PYTHONPATH=/home/wie/Project/Robotics/dumb30-robot/build/robot_core/prefix_override:/usr/lib/python3/dist-packages/colcon_core/task/python/colcon_distutils_commands:/home/wie/Project/Robotics/dumb30-robot/install/robot_core/lib/python3.12/site-packages:${PYTHONPATH} /usr/bin/python3 -W ignore:setup.py install is deprecated -W ignore:easy_install command is deprecated setup.py egg_info --egg-base ../../build/robot_core build --build-base /home/wie/Project/Robotics/dumb30-robot/build/robot_core/build install --record /home/wie/Project/Robotics/dumb30-robot/build/robot_core/install.log --single-version-externally-managed install_data
[1.725s] running egg_info
[1.753s] writing ../../build/robot_core/robot_core.egg-info/PKG-INFO
[1.754s] writing dependency_links to ../../build/robot_core/robot_core.egg-info/dependency_links.txt
[1.754s] writing requirements to ../../build/robot_core/robot_core.egg-info/requires.txt
[1.754s] writing top-level names to ../../build/robot_core/robot_core.egg-info/top_level.txt
[1.806s] reading manifest file '../../build/robot_core/robot_core.egg-info/SOURCES.txt'
[1.807s] adding license file 'LICENSE'
[1.808s] writing manifest file '../../build/robot_core/robot_core.egg-info/SOURCES.txt'
[1.808s] running build
[1.809s] running build_py
[1.809s] running install
[1.820s] running install_lib
[1.850s] running install_data
[1.850s] copying urdf/robot_core.xacro -> /home/wie/Project/Robotics/dumb30-robot/install/robot_core/share/robot_core/urdf
[1.850s] running install_egg_info
[1.878s] removing '/home/wie/Project/Robotics/dumb30-robot/install/robot_core/lib/python3.12/site-packages/robot_core-0.0.0-py3.12.egg-info' (and everything under it)
[1.878s] Copying ../../build/robot_core/robot_core.egg-info to /home/wie/Project/Robotics/dumb30-robot/install/robot_core/lib/python3.12/site-packages/robot_core-0.0.0-py3.12.egg-info
[1.879s] running install_scripts
[2.082s] writing list of installed files to '/home/wie/Project/Robotics/dumb30-robot/build/robot_core/install.log'
[2.183s] Invoked command in '/home/wie/Project/Robotics/dumb30-robot/src/robot_core' returned '0': DEBUGINFOD_URLS=https://debuginfod.ubuntu.com PYTHONPATH=/home/wie/Project/Robotics/dumb30-robot/build/robot_core/prefix_override:/usr/lib/python3/dist-packages/colcon_core/task/python/colcon_distutils_commands:/home/wie/Project/Robotics/dumb30-robot/install/robot_core/lib/python3.12/site-packages:${PYTHONPATH} /usr/bin/python3 -W ignore:setup.py install is deprecated -W ignore:easy_install command is deprecated setup.py egg_info --egg-base ../../build/robot_core build --build-base /home/wie/Project/Robotics/dumb30-robot/build/robot_core/build install --record /home/wie/Project/Robotics/dumb30-robot/build/robot_core/install.log --single-version-externally-managed install_data
